<?xml version="1.0" encoding="UTF-8"?>
<!-- Generated by org.testng.reporters.JUnitReportReporter -->
<testsuite hostname="LAPTOP-6HQP583J" failures="0" tests="1" name="seleniumscriptpdf.ReadingFontProperties_GetCSSValue" time="0.381" errors="0" timestamp="4 Jun 2024 11:44:48 GMT">
  <testcase classname="seleniumscriptpdf.ReadingFontProperties_GetCSSValue" name="Text" time="0.381"/>
</testsuite> <!-- seleniumscriptpdf.ReadingFontProperties_GetCSSValue -->
